
> sim-backend@0.1.0 dev /Users/aperezl/mio/telcom/unuko-rsp/apps/sim-backend
> tsx watch src/index.ts

🚀 UNUKO Orchestrator - Starting Resilient Product API

---
🌐 UNUKO Digital Twin - Backend ready at http://localhost:3000
📖 OpenAPI/Swagger Docs ready at http://localhost:3000/documentation
✨ For Live Reload (HMR), use: http://localhost:5173
---

21:08:29 [tsx] Previous process hasn't exited yet. Force killing...
/Users/aperezl/mio/telcom/unuko-rsp/apps/sim-backend:
 ERR_PNPM_RECURSIVE_RUN_FIRST_FAIL  sim-backend@0.1.0 dev: `tsx watch src/index.ts`
Exit status 143

> sim-backend@0.1.0 dev /Users/aperezl/mio/telcom/unuko-rsp/apps/sim-backend
> tsx watch src/index.ts

🚀 UNUKO Orchestrator - Starting Resilient Product API

---
🌐 UNUKO Digital Twin - Backend ready at http://localhost:3000
📖 OpenAPI/Swagger Docs ready at http://localhost:3000/documentation
✨ For Live Reload (HMR), use: http://localhost:5173
---

21:09:24 [tsx] Previous process hasn't exited yet. Force killing...
/Users/aperezl/mio/telcom/unuko-rsp/apps/sim-backend:
 ERR_PNPM_RECURSIVE_RUN_FIRST_FAIL  sim-backend@0.1.0 dev: `tsx watch src/index.ts`
Exit status 143

> sim-backend@0.1.0 dev /Users/aperezl/mio/telcom/unuko-rsp/apps/sim-backend
> tsx watch src/index.ts

🚀 UNUKO Orchestrator - Starting Resilient Product API

---
🌐 UNUKO Digital Twin - Backend ready at http://localhost:3000
📖 OpenAPI/Swagger Docs ready at http://localhost:3000/documentation
✨ For Live Reload (HMR), use: http://localhost:5173
---

21:29:52 [tsx] Previous process hasn't exited yet. Force killing...
/Users/aperezl/mio/telcom/unuko-rsp/apps/sim-backend:
 ERR_PNPM_RECURSIVE_RUN_FIRST_FAIL  sim-backend@0.1.0 dev: `tsx watch src/index.ts`
Exit status 143

> sim-backend@0.1.0 dev /Users/aperezl/mio/telcom/unuko-rsp/apps/sim-backend
> tsx watch src/index.ts

🚀 UNUKO Orchestrator - Starting Resilient Product API

---
🌐 UNUKO Digital Twin - Backend ready at http://localhost:3000
📖 OpenAPI/Swagger Docs ready at http://localhost:3000/documentation
✨ For Live Reload (HMR), use: http://localhost:5173
---

time="2026-05-22T22:35:22+02:00" level=fatal msg="instance \"core5g\" is stopped, run `limactl start core5g` to start the instance"
Mongo Query failed: db.subscribers.find().toArray() Command failed: limactl shell core5g sudo mongosh open5gs --quiet --eval 'JSON.stringify(db.subscribers.find().toArray())'
time="2026-05-22T22:35:22+02:00" level=fatal msg="instance \"core5g\" is stopped, run `limactl start core5g` to start the instance"

time="2026-05-22T22:35:22+02:00" level=fatal msg="instance \"core5g\" is stopped, run `limactl start core5g` to start the instance"
Mongo Query failed: db.subscribers.find().toArray() Command failed: limactl shell core5g sudo mongosh open5gs --quiet --eval 'JSON.stringify(db.subscribers.find().toArray())'
time="2026-05-22T22:35:22+02:00" level=fatal msg="instance \"core5g\" is stopped, run `limactl start core5g` to start the instance"

=== Starting Resilient Automatic Seed Provisioning ===
[SEED]: Clearing existing subscriber database...
time="2026-05-22T22:35:45+02:00" level=fatal msg="instance \"core5g\" is stopped, run `limactl start core5g` to start the instance"
Mongo ClearAll failed Command failed: limactl shell core5g sudo mongosh open5gs --quiet --eval 'db.subscribers.deleteMany({})'
time="2026-05-22T22:35:45+02:00" level=fatal msg="instance \"core5g\" is stopped, run `limactl start core5g` to start the instance"

[SEED]: Stopping and removing all simulated 5G devices...
time="2026-05-22T22:35:45+02:00" level=fatal msg="instance \"core5g\" is stopped, run `limactl start core5g` to start the instance"
Mongo Upsert failed: 999700000000001 Command failed: limactl shell core5g sudo mongosh open5gs --quiet --eval 'db.subscribers.updateOne({imsi: "999700000000001"}, {$set: {"imsi":"999700000000001","security":{"k":"465B5CE8B199B49FAA5F0A2EE238A6BC","amf":"8000","op":null,"opc":"E8ED289DEBA952E4283B54E88E6183CA"},"ambr":{"downlink":{"value":1,"unit":3},"uplink":{"value":1,"unit":3}},"slice":[{"sst":1,"default_indicator":true,"session":[{"name":"internet","type":3,"ambr":{"downlink":{"value":1,"unit":3},"uplink":{"value":1,"unit":3}},"qos":{"index":9,"arp":{"priority_level":8,"pre_emption_capability":1,"pre_emption_vulnerability":1}}}]}],"access_restriction_data":32,"subscriber_status":0,"network_access_mode":0,"schema_version":1}}, {upsert: true})'
time="2026-05-22T22:35:45+02:00" level=fatal msg="instance \"core5g\" is stopped, run `limactl start core5g` to start the instance"

time="2026-05-22T22:35:45+02:00" level=fatal msg="instance \"core5g\" is stopped, run `limactl start core5g` to start the instance"
Mongo Upsert failed: 999700000000002 Command failed: limactl shell core5g sudo mongosh open5gs --quiet --eval 'db.subscribers.updateOne({imsi: "999700000000002"}, {$set: {"imsi":"999700000000002","security":{"k":"465B5CE8B199B49FAA5F0A2EE238A6BC","amf":"8000","op":null,"opc":"E8ED289DEBA952E4283B54E88E6183CA"},"ambr":{"downlink":{"value":1,"unit":3},"uplink":{"value":1,"unit":3}},"slice":[{"sst":1,"default_indicator":true,"session":[{"name":"internet","type":3,"ambr":{"downlink":{"value":1,"unit":3},"uplink":{"value":1,"unit":3}},"qos":{"index":9,"arp":{"priority_level":8,"pre_emption_capability":1,"pre_emption_vulnerability":1}}}]}],"access_restriction_data":32,"subscriber_status":0,"network_access_mode":0,"schema_version":1}}, {upsert: true})'
time="2026-05-22T22:35:45+02:00" level=fatal msg="instance \"core5g\" is stopped, run `limactl start core5g` to start the instance"

time="2026-05-22T22:35:45+02:00" level=fatal msg="instance \"core5g\" is stopped, run `limactl start core5g` to start the instance"
Mongo Upsert failed: 999700000000003 Command failed: limactl shell core5g sudo mongosh open5gs --quiet --eval 'db.subscribers.updateOne({imsi: "999700000000003"}, {$set: {"imsi":"999700000000003","security":{"k":"465B5CE8B199B49FAA5F0A2EE238A6BC","amf":"8000","op":null,"opc":"E8ED289DEBA952E4283B54E88E6183CA"},"ambr":{"downlink":{"value":1,"unit":3},"uplink":{"value":1,"unit":3}},"slice":[{"sst":1,"default_indicator":true,"session":[{"name":"internet","type":3,"ambr":{"downlink":{"value":1,"unit":3},"uplink":{"value":1,"unit":3}},"qos":{"index":9,"arp":{"priority_level":8,"pre_emption_capability":1,"pre_emption_vulnerability":1}}}]}],"access_restriction_data":32,"subscriber_status":0,"network_access_mode":0,"schema_version":1}}, {upsert: true})'
time="2026-05-22T22:35:45+02:00" level=fatal msg="instance \"core5g\" is stopped, run `limactl start core5g` to start the instance"

time="2026-05-22T22:35:45+02:00" level=fatal msg="instance \"core5g\" is stopped, run `limactl start core5g` to start the instance"
Mongo Upsert failed: 999700000000004 Command failed: limactl shell core5g sudo mongosh open5gs --quiet --eval 'db.subscribers.updateOne({imsi: "999700000000004"}, {$set: {"imsi":"999700000000004","security":{"k":"465B5CE8B199B49FAA5F0A2EE238A6BC","amf":"8000","op":null,"opc":"E8ED289DEBA952E4283B54E88E6183CA"},"ambr":{"downlink":{"value":1,"unit":3},"uplink":{"value":1,"unit":3}},"slice":[{"sst":1,"default_indicator":true,"session":[{"name":"internet","type":3,"ambr":{"downlink":{"value":1,"unit":3},"uplink":{"value":1,"unit":3}},"qos":{"index":9,"arp":{"priority_level":8,"pre_emption_capability":1,"pre_emption_vulnerability":1}}}]}],"access_restriction_data":32,"subscriber_status":0,"network_access_mode":0,"schema_version":1}}, {upsert: true})'
time="2026-05-22T22:35:45+02:00" level=fatal msg="instance \"core5g\" is stopped, run `limactl start core5g` to start the instance"

time="2026-05-22T22:35:45+02:00" level=fatal msg="instance \"core5g\" is stopped, run `limactl start core5g` to start the instance"
Mongo Upsert failed: 999700000000005 Command failed: limactl shell core5g sudo mongosh open5gs --quiet --eval 'db.subscribers.updateOne({imsi: "999700000000005"}, {$set: {"imsi":"999700000000005","security":{"k":"465B5CE8B199B49FAA5F0A2EE238A6BC","amf":"8000","op":null,"opc":"E8ED289DEBA952E4283B54E88E6183CA"},"ambr":{"downlink":{"value":1,"unit":3},"uplink":{"value":1,"unit":3}},"slice":[{"sst":1,"default_indicator":true,"session":[{"name":"internet","type":3,"ambr":{"downlink":{"value":1,"unit":3},"uplink":{"value":1,"unit":3}},"qos":{"index":9,"arp":{"priority_level":8,"pre_emption_capability":1,"pre_emption_vulnerability":1}}}]}],"access_restriction_data":32,"subscriber_status":0,"network_access_mode":0,"schema_version":1}}, {upsert: true})'
time="2026-05-22T22:35:45+02:00" level=fatal msg="instance \"core5g\" is stopped, run `limactl start core5g` to start the instance"

time="2026-05-22T22:35:45+02:00" level=fatal msg="instance \"core5g\" is stopped, run `limactl start core5g` to start the instance"
Mongo Upsert failed: 999700000000006 Command failed: limactl shell core5g sudo mongosh open5gs --quiet --eval 'db.subscribers.updateOne({imsi: "999700000000006"}, {$set: {"imsi":"999700000000006","security":{"k":"465B5CE8B199B49FAA5F0A2EE238A6BC","amf":"8000","op":null,"opc":"E8ED289DEBA952E4283B54E88E6183CA"},"ambr":{"downlink":{"value":1,"unit":3},"uplink":{"value":1,"unit":3}},"slice":[{"sst":1,"default_indicator":true,"session":[{"name":"internet","type":3,"ambr":{"downlink":{"value":1,"unit":3},"uplink":{"value":1,"unit":3}},"qos":{"index":9,"arp":{"priority_level":8,"pre_emption_capability":1,"pre_emption_vulnerability":1}}}]}],"access_restriction_data":32,"subscriber_status":0,"network_access_mode":0,"schema_version":1}}, {upsert: true})'
time="2026-05-22T22:35:45+02:00" level=fatal msg="instance \"core5g\" is stopped, run `limactl start core5g` to start the instance"

time="2026-05-22T22:35:45+02:00" level=fatal msg="instance \"core5g\" is stopped, run `limactl start core5g` to start the instance"
Mongo Upsert failed: 999700000000007 Command failed: limactl shell core5g sudo mongosh open5gs --quiet --eval 'db.subscribers.updateOne({imsi: "999700000000007"}, {$set: {"imsi":"999700000000007","security":{"k":"465B5CE8B199B49FAA5F0A2EE238A6BC","amf":"8000","op":null,"opc":"E8ED289DEBA952E4283B54E88E6183CA"},"ambr":{"downlink":{"value":1,"unit":3},"uplink":{"value":1,"unit":3}},"slice":[{"sst":1,"default_indicator":true,"session":[{"name":"internet","type":3,"ambr":{"downlink":{"value":1,"unit":3},"uplink":{"value":1,"unit":3}},"qos":{"index":9,"arp":{"priority_level":8,"pre_emption_capability":1,"pre_emption_vulnerability":1}}}]}],"access_restriction_data":32,"subscriber_status":0,"network_access_mode":0,"schema_version":1}}, {upsert: true})'
time="2026-05-22T22:35:45+02:00" level=fatal msg="instance \"core5g\" is stopped, run `limactl start core5g` to start the instance"

time="2026-05-22T22:35:45+02:00" level=fatal msg="instance \"core5g\" is stopped, run `limactl start core5g` to start the instance"
Mongo Upsert failed: 999700000000008 Command failed: limactl shell core5g sudo mongosh open5gs --quiet --eval 'db.subscribers.updateOne({imsi: "999700000000008"}, {$set: {"imsi":"999700000000008","security":{"k":"465B5CE8B199B49FAA5F0A2EE238A6BC","amf":"8000","op":null,"opc":"E8ED289DEBA952E4283B54E88E6183CA"},"ambr":{"downlink":{"value":1,"unit":3},"uplink":{"value":1,"unit":3}},"slice":[{"sst":1,"default_indicator":true,"session":[{"name":"internet","type":3,"ambr":{"downlink":{"value":1,"unit":3},"uplink":{"value":1,"unit":3}},"qos":{"index":9,"arp":{"priority_level":8,"pre_emption_capability":1,"pre_emption_vulnerability":1}}}]}],"access_restriction_data":32,"subscriber_status":0,"network_access_mode":0,"schema_version":1}}, {upsert: true})'
time="2026-05-22T22:35:45+02:00" level=fatal msg="instance \"core5g\" is stopped, run `limactl start core5g` to start the instance"

time="2026-05-22T22:35:45+02:00" level=fatal msg="instance \"core5g\" is stopped, run `limactl start core5g` to start the instance"
Mongo Upsert failed: 999700000000009 Command failed: limactl shell core5g sudo mongosh open5gs --quiet --eval 'db.subscribers.updateOne({imsi: "999700000000009"}, {$set: {"imsi":"999700000000009","security":{"k":"465B5CE8B199B49FAA5F0A2EE238A6BC","amf":"8000","op":null,"opc":"E8ED289DEBA952E4283B54E88E6183CA"},"ambr":{"downlink":{"value":1,"unit":3},"uplink":{"value":1,"unit":3}},"slice":[{"sst":1,"default_indicator":true,"session":[{"name":"internet","type":3,"ambr":{"downlink":{"value":1,"unit":3},"uplink":{"value":1,"unit":3}},"qos":{"index":9,"arp":{"priority_level":8,"pre_emption_capability":1,"pre_emption_vulnerability":1}}}]}],"access_restriction_data":32,"subscriber_status":0,"network_access_mode":0,"schema_version":1}}, {upsert: true})'
time="2026-05-22T22:35:45+02:00" level=fatal msg="instance \"core5g\" is stopped, run `limactl start core5g` to start the instance"

time="2026-05-22T22:35:45+02:00" level=fatal msg="instance \"core5g\" is stopped, run `limactl start core5g` to start the instance"
Mongo Upsert failed: 999700000000010 Command failed: limactl shell core5g sudo mongosh open5gs --quiet --eval 'db.subscribers.updateOne({imsi: "999700000000010"}, {$set: {"imsi":"999700000000010","security":{"k":"465B5CE8B199B49FAA5F0A2EE238A6BC","amf":"8000","op":null,"opc":"E8ED289DEBA952E4283B54E88E6183CA"},"ambr":{"downlink":{"value":1,"unit":3},"uplink":{"value":1,"unit":3}},"slice":[{"sst":1,"default_indicator":true,"session":[{"name":"internet","type":3,"ambr":{"downlink":{"value":1,"unit":3},"uplink":{"value":1,"unit":3}},"qos":{"index":9,"arp":{"priority_level":8,"pre_emption_capability":1,"pre_emption_vulnerability":1}}}]}],"access_restriction_data":32,"subscriber_status":0,"network_access_mode":0,"schema_version":1}}, {upsert: true})'
time="2026-05-22T22:35:45+02:00" level=fatal msg="instance \"core5g\" is stopped, run `limactl start core5g` to start the instance"

[SEED]: Registered 10 fresh subscribers
=== Starting Resilient Automatic Seed Provisioning ===
[SEED]: Clearing existing subscriber database...
[SEED]: Stopping and removing all simulated 5G devices...
[SEED]: Registered 10 fresh subscribers
[SEED]: Inventoried 4 slice-aware gNB simulated antennas
[SEED]: Inventoried 10 slice-aware UE simulated devices
[SYSTEM]: Switched active environment to: mock
[SYSTEM]: Switched active environment to: lima
[SYSTEM]: Starting dynamic session SESSION-YHCZHC...
[PKCS11]: Initializing library...
[PKCS11]: Session opened and logged in
[SESSION-YHCZHC]: initializing
[AUDIT] [2026-05-22T20:41:25.663Z] [INFO] [WORKFLOW] [INTERNAL] - SESSION-YHCZHC
  Description: State transitioned to: initializing
  Payload: {
  "state": "initializing"
}
[AUDIT] [2026-05-22T20:41:25.663Z] [INFO] [HARDWARE] [OUT] - SESSION-YHCZHC
  Description: Hardware Reset Request
  Payload: {}
[SESSION-YHCZHC]: authenticating
[AUDIT] [2026-05-22T20:41:25.666Z] [INFO] [WORKFLOW] [INTERNAL] - SESSION-YHCZHC
  Description: State transitioned to: authenticating
  Payload: {
  "state": "authenticating"
}
[AUDIT] [2026-05-22T20:41:25.666Z] [INFO] [TRANSPORT] [OUT] - SESSION-YHCZHC
  Description: HTTP POST Request to /gsma/rsp2/es9plus/initiateAuthentication
  Payload: {
  "url": "http://localhost:8081/gsma/rsp2/es9plus/initiateAuthentication",
  "body": {
    "euiccChallenge": "dW51a28tY2hhbGxlbmdlMQ==",
    "smdpAddress": "testsmdpplus1.example.com",
    "euiccInfo1": "vyA1ggMCAgCpFgQU9UFyvfmKldZcvriKOKHBHYAKhcOqFgQU9UFyvfmKldZcvriKOKHBHYAKhcM="
  }
}
[AUDIT] [2026-05-22T20:41:25.694Z] [INFO] [TRANSPORT] [IN] - SESSION-YHCZHC
  Description: HTTP Response from /gsma/rsp2/es9plus/initiateAuthentication
  Payload: {
  "serverSigned1": "MFGAEMnDc4rKiEpxrE3RbtBEQSeBEHVudWtvLWNoYWxsZW5nZTGDGXRlc3RzbWRwcGx1czEuZXhhbXBsZS5jb22EEJz+CxFeqNnpIWc2dWA0xMs=",
  "serverSignature1": "XzdA2CL6jzHvCUuwoKlKkT7E/hBkyOtI8dOBoGWV+JoBIZPCewha7GZdgjqvGHGkhPn7wY4pyJC5mCkJIHpmJwyPYQ==",
  "transactionId": "C9C3738ACA884A71AC4DD16ED0444127",
  "euiccCiPKIdToBeUsed": "BBT1QXK9+YqV1ly+uIo4ocEdgAqFww==",
  "serverCertificate": "MIICODCCAd+gAwIBAgICAQAwCgYIKoZIzj0EAwIwRDEQMA4GA1UEAwwHVGVzdCBDSTERMA8GA1UECwwIVEVTVENFUlQxEDAOBgNVBAoMB1JTUFRFU1QxCzAJBgNVBAYTAklUMB4XDTIwMDQwMTA4MzEzMFoXDTMwMDMzMDA4MzEzMFowJTENMAsGA1UECgwEQUNNRTEUMBIGA1UEAwwLVEVTVCBTTS1EUCswWTATBgcqhkjOPQIBBggqhkjOPQMBBwNCAARN/tT0aUeRvxaVzqAwejW0GAGWlTh7t1t9JEe2tSCfBEWuTl5SHNE4iNdf4HyFgCIq4g26rB13zXYwSZNCG9c5o4HfMIHcMB8GA1UdIwQYMBaAFPVBcr35ipXWXL64ijihwR2ACoXDMB0GA1UdDgQWBBS9WoLMGpZgIRi6dWCh/4OniyEL5TAOBgNVHREEBzAFiAOINwowDgYDVR0PAQH/BAQDAgeAMBcGA1UdIAEB/wQNMAswCQYHZ4ESAQIBBDBhBgNVHR8EWjBYMCqgKKAmhiRodHRwOi8vY2kudGVzdC5leGFtcGxlLmNvbS9DUkwtQS5jcmwwKqAooCaGJGh0dHA6Ly9jaS50ZXN0LmV4YW1wbGUuY29tL0NSTC1CLmNybDAKBggqhkjOPQQDAgNHADBEAiAII+59+l490Hg46TD4G8NK6Z8Gy6NZJ/6eUCxGTcH+4wIgDS1Ah9sBpTgtIWkKwEiLFQZ/skYNM2MyRGypnwiopO8=",
  "header": {
    "functionExecutionStatus": {
      "status": "Executed-Success"
    }
  },
  "_httpStatus": 200,
  "_rawBody": "{\"serverSigned1\": \"MFGAEMnDc4rKiEpxrE3RbtBEQSeBEHVudWtvLWNoYWxsZW5nZTGDGXRlc3RzbWRwcGx1czEuZXhhbXBsZS5jb22EEJz+CxFeqNnpIWc2dWA0xMs=\", \"serverSignature1\": \"XzdA2CL6jzHvCUuwoKlKkT7E/hBkyOtI8dOBoGWV+JoBIZPCewha7GZdgjqvGHGkhPn7wY4pyJC5mCkJIHpmJwyPYQ==\", \"transactionId\": \"C9C3738ACA884A71AC4DD16ED0444127\", \"euiccCiPKIdToBeUsed\": \"BBT1QXK9+YqV1ly+uIo4ocEdgAqFww==\", \"serverCertificate\": \"MIICODCCAd+gAwIBAgICAQAwCgYIKoZIzj0EAwIwRDEQMA4GA1UEAwwHVGVzdCBDSTERMA8GA1UECwwIVEVTVENFUlQxEDAOBgNVBAoMB1JTUFRFU1QxCzAJBgNVBAYTAklUMB4XDTIwMDQwMTA4MzEzMFoXDTMwMDMzMDA4MzEzMFowJTENMAsGA1UECgwEQUNNRTEUMBIGA1UEAwwLVEVTVCBTTS1EUCswWTATBgcqhkjOPQIBBggqhkjOPQMBBwNCAARN/tT0aUeRvxaVzqAwejW0GAGWlTh7t1t9JEe2tSCfBEWuTl5SHNE4iNdf4HyFgCIq4g26rB13zXYwSZNCG9c5o4HfMIHcMB8GA1UdIwQYMBaAFPVBcr35ipXWXL64ijihwR2ACoXDMB0GA1UdDgQWBBS9WoLMGpZgIRi6dWCh/4OniyEL5TAOBgNVHREEBzAFiAOINwowDgYDVR0PAQH/BAQDAgeAMBcGA1UdIAEB/wQNMAswCQYHZ4ESAQIBBDBhBgNVHR8EWjBYMCqgKKAmhiRodHRwOi8vY2kudGVzdC5leGFtcGxlLmNvbS9DUkwtQS5jcmwwKqAooCaGJGh0dHA6Ly9jaS50ZXN0LmV4YW1wbGUuY29tL0NSTC1CLmNybDAKBggqhkjOPQQDAgNHADBEAiAII+59+l490Hg46TD4G8NK6Z8Gy6NZJ/6eUCxGTcH+4wIgDS1Ah9sBpTgtIWkKwEiLFQZ/skYNM2MyRGypnwiopO8=\", \"header\": {\"functionExecutionStatus\": {\"status\": \"Executed-Success\"}}}"
}
[AUDIT] [2026-05-22T20:41:25.695Z] [INFO] [TRANSPORT] [OUT] - SESSION-YHCZHC
  Description: HTTP POST Request to /gsma/rsp2/es9plus/getBoundProfilePackage
  Payload: {
  "url": "http://localhost:8081/gsma/rsp2/es9plus/getBoundProfilePackage",
  "body": {
    "transactionId": "undefined"
  }
}
[SESSION-YHCZHC]: downloading
[AUDIT] [2026-05-22T20:41:25.695Z] [INFO] [WORKFLOW] [INTERNAL] - SESSION-YHCZHC
  Description: State transitioned to: downloading
  Payload: {
  "state": "downloading"
}
[AUDIT] [2026-05-22T20:41:25.697Z] [INFO] [TRANSPORT] [IN] - SESSION-YHCZHC
  Description: HTTP Response from /gsma/rsp2/es9plus/getBoundProfilePackage
  Payload: {
  "header": {
    "functionExecutionStatus": {
      "status": "Failed",
      "statusCodeData": {
        "subjectCode": "8.10.1",
        "reasonCode": "3.9",
        "message": "The RSP session identified by the TransactionID is unknown"
      }
    }
  },
  "_httpStatus": 200,
  "_rawBody": "{\"header\": {\"functionExecutionStatus\": {\"status\": \"Failed\", \"statusCodeData\": {\"subjectCode\": \"8.10.1\", \"reasonCode\": \"3.9\", \"message\": \"The RSP session identified by the TransactionID is unknown\"}}}}"
}
[SESSION-YHCZHC]: failure
[AUDIT] [2026-05-22T20:41:25.698Z] [INFO] [WORKFLOW] [INTERNAL] - SESSION-YHCZHC
  Description: State transitioned to: failure
  Payload: {
  "state": "failure"
}
